{"/home/lameck/code/To-do-list/src/add_and_remove.js": {"path":"/home/lameck/code/To-do-list/src/add_and_remove.js","statementMap":{"0":{"start":{"line":2,"column":20},"end":{"line":2,"column":61}},"1":{"start":{"line":3,"column":22},"end":{"line":3,"column":71}},"2":{"start":{"line":4,"column":2},"end":{"line":8,"column":5}},"3":{"start":{"line":9,"column":2},"end":{"line":9,"column":57}},"4":{"start":{"line":10,"column":2},"end":{"line":10,"column":59}},"5":{"start":{"line":14,"column":20},"end":{"line":14,"column":61}},"6":{"start":{"line":15,"column":22},"end":{"line":15,"column":65}},"7":{"start":{"line":15,"column":47},"end":{"line":15,"column":64}},"8":{"start":{"line":16,"column":2},"end":{"line":16,"column":40}},"9":{"start":{"line":17,"column":2},"end":{"line":19,"column":5}},"10":{"start":{"line":18,"column":4},"end":{"line":18,"column":27}},"11":{"start":{"line":20,"column":2},"end":{"line":20,"column":61}},"12":{"start":{"line":24,"column":15},"end":{"line":24,"column":23}},"13":{"start":{"line":25,"column":2},"end":{"line":25,"column":41}},"14":{"start":{"line":26,"column":2},"end":{"line":26,"column":37}},"15":{"start":{"line":27,"column":2},"end":{"line":27,"column":39}},"16":{"start":{"line":28,"column":2},"end":{"line":28,"column":23}},"17":{"start":{"line":29,"column":23},"end":{"line":29,"column":54}},"18":{"start":{"line":30,"column":2},"end":{"line":30,"column":40}},"19":{"start":{"line":31,"column":2},"end":{"line":31,"column":67}},"20":{"start":{"line":32,"column":2},"end":{"line":32,"column":32}},"21":{"start":{"line":34,"column":2},"end":{"line":41,"column":5}},"22":{"start":{"line":35,"column":4},"end":{"line":40,"column":5}},"23":{"start":{"line":36,"column":6},"end":{"line":36,"column":44}},"24":{"start":{"line":37,"column":26},"end":{"line":37,"column":68}},"25":{"start":{"line":37,"column":50},"end":{"line":37,"column":67}},"26":{"start":{"line":38,"column":6},"end":{"line":38,"column":65}},"27":{"start":{"line":39,"column":6},"end":{"line":39,"column":28}},"28":{"start":{"line":43,"column":2},"end":{"line":43,"column":23}},"29":{"start":{"line":47,"column":20},"end":{"line":47,"column":61}},"30":{"start":{"line":48,"column":28},"end":{"line":48,"column":80}},"31":{"start":{"line":48,"column":55},"end":{"line":48,"column":79}},"32":{"start":{"line":49,"column":22},"end":{"line":49,"column":73}},"33":{"start":{"line":49,"column":55},"end":{"line":49,"column":72}},"34":{"start":{"line":51,"column":2},"end":{"line":53,"column":5}},"35":{"start":{"line":52,"column":4},"end":{"line":52,"column":23}},"36":{"start":{"line":54,"column":2},"end":{"line":54,"column":61}},"37":{"start":{"line":57,"column":0},"end":{"line":59,"column":2}}},"fnMap":{"0":{"name":"addNewTask","decl":{"start":{"line":1,"column":9},"end":{"line":1,"column":19}},"loc":{"start":{"line":1,"column":22},"end":{"line":11,"column":1}},"line":1},"1":{"name":"deleteTask","decl":{"start":{"line":13,"column":9},"end":{"line":13,"column":19}},"loc":{"start":{"line":13,"column":26},"end":{"line":21,"column":1}},"line":13},"2":{"name":"(anonymous_2)","decl":{"start":{"line":15,"column":37},"end":{"line":15,"column":38}},"loc":{"start":{"line":15,"column":47},"end":{"line":15,"column":64}},"line":15},"3":{"name":"(anonymous_3)","decl":{"start":{"line":17,"column":22},"end":{"line":17,"column":23}},"loc":{"start":{"line":17,"column":39},"end":{"line":19,"column":3}},"line":17},"4":{"name":"editTask","decl":{"start":{"line":23,"column":9},"end":{"line":23,"column":17}},"loc":{"start":{"line":23,"column":80},"end":{"line":44,"column":1}},"line":23},"5":{"name":"(anonymous_5)","decl":{"start":{"line":34,"column":43},"end":{"line":34,"column":44}},"loc":{"start":{"line":34,"column":50},"end":{"line":41,"column":3}},"line":34},"6":{"name":"(anonymous_6)","decl":{"start":{"line":37,"column":40},"end":{"line":37,"column":41}},"loc":{"start":{"line":37,"column":50},"end":{"line":37,"column":67}},"line":37},"7":{"name":"clearAllCompleted","decl":{"start":{"line":46,"column":9},"end":{"line":46,"column":26}},"loc":{"start":{"line":46,"column":29},"end":{"line":55,"column":1}},"line":46},"8":{"name":"(anonymous_8)","decl":{"start":{"line":48,"column":45},"end":{"line":48,"column":46}},"loc":{"start":{"line":48,"column":55},"end":{"line":48,"column":79}},"line":48},"9":{"name":"(anonymous_9)","decl":{"start":{"line":49,"column":45},"end":{"line":49,"column":46}},"loc":{"start":{"line":49,"column":55},"end":{"line":49,"column":72}},"line":49},"10":{"name":"(anonymous_10)","decl":{"start":{"line":51,"column":22},"end":{"line":51,"column":23}},"loc":{"start":{"line":51,"column":39},"end":{"line":53,"column":3}},"line":51}},"branchMap":{"0":{"loc":{"start":{"line":35,"column":4},"end":{"line":40,"column":5}},"type":"if","locations":[{"start":{"line":35,"column":4},"end":{"line":40,"column":5}},{"start":{"line":35,"column":4},"end":{"line":40,"column":5}}],"line":35}},"s":{"0":0,"1":0,"2":0,"3":0,"4":0,"5":0,"6":0,"7":0,"8":0,"9":0,"10":0,"11":0,"12":0,"13":0,"14":0,"15":0,"16":0,"17":0,"18":0,"19":0,"20":0,"21":0,"22":0,"23":0,"24":0,"25":0,"26":0,"27":0,"28":0,"29":0,"30":0,"31":0,"32":0,"33":0,"34":0,"35":0,"36":0,"37":1},"f":{"0":0,"1":0,"2":0,"3":0,"4":0,"5":0,"6":0,"7":0,"8":0,"9":0,"10":0},"b":{"0":[0,0]},"_coverageSchema":"1a1c01bbd47fc00a2c39e90264f33305004495a9","hash":"1d4e5fd665c0ff5eb75c6e4c66ea96173d232279"}
,"/home/lameck/code/To-do-list/src/localstorage.js": {"path":"/home/lameck/code/To-do-list/src/localstorage.js","statementMap":{"0":{"start":{"line":1,"column":14},"end":{"line":1,"column":30}},"1":{"start":{"line":2,"column":18},"end":{"line":2,"column":23}},"2":{"start":{"line":3,"column":12},"end":{"line":3,"column":23}},"3":{"start":{"line":5,"column":21},"end":{"line":22,"column":4}},"4":{"start":{"line":6,"column":14},"end":{"line":6,"column":16}},"5":{"start":{"line":8,"column":2},"end":{"line":21,"column":4}},"6":{"start":{"line":10,"column":6},"end":{"line":10,"column":32}},"7":{"start":{"line":13,"column":6},"end":{"line":13,"column":36}},"8":{"start":{"line":16,"column":6},"end":{"line":16,"column":24}},"9":{"start":{"line":19,"column":6},"end":{"line":19,"column":17}},"10":{"start":{"line":24,"column":0},"end":{"line":24,"column":30}}},"fnMap":{"0":{"name":"(anonymous_0)","decl":{"start":{"line":5,"column":22},"end":{"line":5,"column":23}},"loc":{"start":{"line":5,"column":33},"end":{"line":22,"column":1}},"line":5},"1":{"name":"(anonymous_1)","decl":{"start":{"line":9,"column":13},"end":{"line":9,"column":14}},"loc":{"start":{"line":9,"column":27},"end":{"line":11,"column":5}},"line":9},"2":{"name":"(anonymous_2)","decl":{"start":{"line":12,"column":13},"end":{"line":12,"column":14}},"loc":{"start":{"line":12,"column":34},"end":{"line":14,"column":5}},"line":12},"3":{"name":"(anonymous_3)","decl":{"start":{"line":15,"column":16},"end":{"line":15,"column":17}},"loc":{"start":{"line":15,"column":30},"end":{"line":17,"column":5}},"line":15},"4":{"name":"(anonymous_4)","decl":{"start":{"line":18,"column":11},"end":{"line":18,"column":12}},"loc":{"start":{"line":18,"column":22},"end":{"line":20,"column":5}},"line":18}},"branchMap":{"0":{"loc":{"start":{"line":10,"column":13},"end":{"line":10,"column":31}},"type":"binary-expr","locations":[{"start":{"line":10,"column":13},"end":{"line":10,"column":23}},{"start":{"line":10,"column":27},"end":{"line":10,"column":31}}],"line":10}},"s":{"0":1,"1":1,"2":1,"3":1,"4":1,"5":1,"6":2,"7":2,"8":0,"9":0,"10":1},"f":{"0":1,"1":2,"2":2,"3":0,"4":0},"b":{"0":[2,0]},"_coverageSchema":"1a1c01bbd47fc00a2c39e90264f33305004495a9","hash":"a9a355a2086a4c414ba3d21569e5eb176c8f2ffb"}
,"/home/lameck/code/To-do-list/src/saveToLocalStorage.js": {"path":"/home/lameck/code/To-do-list/src/saveToLocalStorage.js","statementMap":{"0":{"start":{"line":2,"column":2},"end":{"line":2,"column":44}}},"fnMap":{"0":{"name":"(anonymous_0)","decl":{"start":{"line":1,"column":15},"end":{"line":1,"column":16}},"loc":{"start":{"line":1,"column":26},"end":{"line":3,"column":1}},"line":1}},"branchMap":{},"s":{"0":1},"f":{"0":1},"b":{},"_coverageSchema":"1a1c01bbd47fc00a2c39e90264f33305004495a9","hash":"e322a7a724c59fb494d8eb8b65ac68be3b69d502"}
}
